[debug] [2022-07-19T18:31:47.142Z] ----------------------------------------------------------------------
[debug] [2022-07-19T18:31:47.144Z] Command:       C:\Program Files\nodejs\node.exe C:\Users\ASUS\AppData\Roaming\npm\node_modules\firebase-tools\lib\bin\firebase.js init
[debug] [2022-07-19T18:31:47.144Z] CLI Version:   11.3.0
[debug] [2022-07-19T18:31:47.144Z] Platform:      win32
[debug] [2022-07-19T18:31:47.144Z] Node Version:  v16.15.1
[debug] [2022-07-19T18:31:47.145Z] Time:          Wed Jul 20 2022 00:31:47 GMT+0600 (Bangladesh Standard Time)
[debug] [2022-07-19T18:31:47.145Z] ----------------------------------------------------------------------
[debug] 
[debug] [2022-07-19T18:31:47.148Z] >>> [apiv2][query] GET https://firebase-public.firebaseio.com/cli.json [none]
[debug] [2022-07-19T18:31:47.163Z] > command requires scopes: ["email","openid","https://www.googleapis.com/auth/cloudplatformprojects.readonly","https://www.googleapis.com/auth/firebase","https://www.googleapis.com/auth/cloud-platform"]
[debug] [2022-07-19T18:31:47.163Z] > authorizing via signed-in user (snrahat.stud4143@gmail.com)
[info] 
     ######## #### ########  ######## ########     ###     ######  ########
     ##        ##  ##     ## ##       ##     ##  ##   ##  ##       ##
     ######    ##  ########  ######   ########  #########  ######  ######
     ##        ##  ##    ##  ##       ##     ## ##     ##       ## ##
     ##       #### ##     ## ######## ########  ##     ##  ######  ########

You're about to initialize a Firebase project in this directory:

  D:\rp-assignment\purnoboti-computers-world

[debug] [2022-07-19T18:31:48.319Z] <<< [apiv2][status] GET https://firebase-public.firebaseio.com/cli.json 200
[debug] [2022-07-19T18:31:48.319Z] <<< [apiv2][body] GET https://firebase-public.firebaseio.com/cli.json {"cloudBuildErrorAfter":1594252800000,"cloudBuildWarnAfter":1590019200000,"defaultNode10After":1594252800000,"minVersion":"3.0.5","node8DeploysDisabledAfter":1613390400000,"node8RuntimeDisabledAfter":1615809600000,"node8WarnAfter":1600128000000}
[info] 
=== Project Setup
[info] 
[info] First, let's associate this project directory with a Firebase project.
[info] You can create multiple project aliases by running firebase use --add, 
[info] but for now we'll just set up a default project.
[info] 
[debug] [2022-07-19T18:32:06.017Z] > refreshing access token with scopes: []
[debug] [2022-07-19T18:32:06.018Z] >>> [apiv2][query] POST https://www.googleapis.com/oauth2/v3/token [none]
[debug] [2022-07-19T18:32:06.018Z] >>> [apiv2][body] POST https://www.googleapis.com/oauth2/v3/token [omitted]
[debug] [2022-07-19T18:32:06.803Z] <<< [apiv2][status] POST https://www.googleapis.com/oauth2/v3/token 200
[debug] [2022-07-19T18:32:06.803Z] <<< [apiv2][body] POST https://www.googleapis.com/oauth2/v3/token [omitted]
[debug] [2022-07-19T18:32:06.824Z] >>> [apiv2][query] GET https://firebase.googleapis.com/v1beta1/projects pageSize=100
[debug] [2022-07-19T18:32:08.416Z] <<< [apiv2][status] GET https://firebase.googleapis.com/v1beta1/projects 200
[debug] [2022-07-19T18:32:08.417Z] <<< [apiv2][body] GET https://firebase.googleapis.com/v1beta1/projects [omitted]
